<?xml version="1.0" encoding="UTF-8"?>
<!-- Generated by org.testng.reporters.JUnitReportReporter -->
<testsuite skipped="1" hostname="dsr-PC" name="com.robinrrr10.wiremock.AppTest" tests="2" failures="0" timestamp="2019-08-23T23:37:46 IST" time="1.181" errors="0">
  <testcase name="testWiremock" time="1.181" classname="com.robinrrr10.wiremock.AppTest"/>
  <testcase name="httpClientTest" classname="com.robinrrr10.wiremock.AppTest">
    <skipped/>
  </testcase> <!-- httpClientTest -->
</testsuite> <!-- com.robinrrr10.wiremock.AppTest -->
